\BOOKMARK [1][-]{section*.1}{LETTER OF APPROVAL}{}% 1
\BOOKMARK [1][-]{section*.2}{COPYRIGHT}{}% 2
\BOOKMARK [1][-]{section*.4}{ACKNOWLEDGEMENTS}{}% 3
\BOOKMARK [1][-]{section*.6}{ABSTRACT}{}% 4
\BOOKMARK [1][-]{section*.8}{TABLE OF CONTENTS}{}% 5
\BOOKMARK [1][-]{section*.10}{LIST OF FIGURES}{}% 6
\BOOKMARK [1][-]{section*.12}{LIST OF ABBREVIATIONS}{}% 7
\BOOKMARK [1][-]{section.1}{INTRODUCTION}{}% 8
\BOOKMARK [2][-]{subsection.1.1}{Background}{section.1}% 9
\BOOKMARK [2][-]{subsection.1.2}{Problem Statement}{section.1}% 10
\BOOKMARK [2][-]{subsection.1.3}{Objectives}{section.1}% 11
\BOOKMARK [3][-]{subsubsection.1.3.1}{Project objectives}{subsection.1.3}% 12
\BOOKMARK [3][-]{subsubsection.1.3.2}{Academic objectives}{subsection.1.3}% 13
\BOOKMARK [2][-]{subsection.1.4}{Scope}{section.1}% 14
\BOOKMARK [1][-]{section.2}{LITERATURE REVIEW}{}% 15
\BOOKMARK [2][-]{subsection.2.1}{Historical Overview of Speech Recognition}{section.2}% 16
\BOOKMARK [2][-]{subsection.2.2}{Speech Recognition Overview}{section.2}% 17
\BOOKMARK [2][-]{subsection.2.3}{Human Ear and Speech Recognition}{section.2}% 18
\BOOKMARK [3][-]{subsubsection.2.3.1}{Human Hearing system}{subsection.2.3}% 19
\BOOKMARK [3][-]{subsubsection.2.3.2}{Sound Signal Transduction Mechanism}{subsection.2.3}% 20
\BOOKMARK [2][-]{subsection.2.4}{Speech Recognition System}{section.2}% 21
\BOOKMARK [3][-]{subsubsection.2.4.1}{Input Voice Signal}{subsection.2.4}% 22
\BOOKMARK [3][-]{subsubsection.2.4.2}{Preprocessing stage}{subsection.2.4}% 23
\BOOKMARK [3][-]{subsubsection.2.4.3}{Feature Extraction Stage}{subsection.2.4}% 24
\BOOKMARK [3][-]{subsubsection.2.4.4}{Acoustic Model}{subsection.2.4}% 25
\BOOKMARK [2][-]{subsection.2.5}{Types of ASR system}{section.2}% 26
\BOOKMARK [3][-]{subsubsection.2.5.1}{On the basis of input speech signal}{subsection.2.5}% 27
\BOOKMARK [3][-]{subsubsection.2.5.2}{On the basis of speaker model}{subsection.2.5}% 28
\BOOKMARK [3][-]{subsubsection.2.5.3}{On the basis of type of vocabulary}{subsection.2.5}% 29
\BOOKMARK [2][-]{subsection.2.6}{Interactive Voice Response System}{section.2}% 30
\BOOKMARK [3][-]{subsubsection.2.6.1}{SoftPhone}{subsection.2.6}% 31
\BOOKMARK [3][-]{subsubsection.2.6.2}{Call Handler}{subsection.2.6}% 32
\BOOKMARK [1][-]{section.3}{METHODOLOGY}{}% 33
\BOOKMARK [2][-]{subsection.3.1}{Methodology overview}{section.3}% 34
\BOOKMARK [2][-]{subsection.3.2}{Data Collection}{section.3}% 35
\BOOKMARK [3][-]{subsubsection.3.2.1}{Sample Voice Collection}{subsection.3.2}% 36
\BOOKMARK [3][-]{subsubsection.3.2.2}{Training Data Generation}{subsection.3.2}% 37
\BOOKMARK [2][-]{subsection.3.3}{Noise Reduction}{section.3}% 38
\BOOKMARK [2][-]{subsection.3.4}{Feature Extraction}{section.3}% 39
\BOOKMARK [3][-]{subsubsection.3.4.1}{Preemphasis}{subsection.3.4}% 40
\BOOKMARK [3][-]{subsubsection.3.4.2}{Windowing}{subsection.3.4}% 41
\BOOKMARK [3][-]{subsubsection.3.4.3}{Discrete Fourier Transform}{subsection.3.4}% 42
\BOOKMARK [3][-]{subsubsection.3.4.4}{Mel Filter Bank}{subsection.3.4}% 43
\BOOKMARK [3][-]{subsubsection.3.4.5}{Discrete Cosine Transform}{subsection.3.4}% 44
\BOOKMARK [3][-]{subsubsection.3.4.6}{Deltas and Energy}{subsection.3.4}% 45
\BOOKMARK [2][-]{subsection.3.5}{Prediction}{section.3}% 46
\BOOKMARK [3][-]{subsubsection.3.5.1}{Hidden Markov Model}{subsection.3.5}% 47
\BOOKMARK [3][-]{subsubsection.3.5.2}{Recurrent Neural Network}{subsection.3.5}% 48
\BOOKMARK [1][-]{section.4}{SOFTWARE DEVELOPMENT METHODOLOGY}{}% 49
\BOOKMARK [2][-]{subsection.4.1}{Software Development Life Cycle}{section.4}% 50
\BOOKMARK [2][-]{subsection.4.2}{Requirement Analysis}{section.4}% 51
\BOOKMARK [3][-]{subsubsection.4.2.1}{Functional Requirements}{subsection.4.2}% 52
\BOOKMARK [3][-]{subsubsection.4.2.2}{Non-Functional Requirements}{subsection.4.2}% 53
\BOOKMARK [2][-]{subsection.4.3}{Feasibility Study}{section.4}% 54
\BOOKMARK [3][-]{subsubsection.4.3.1}{Technical Feasibility}{subsection.4.3}% 55
\BOOKMARK [3][-]{subsubsection.4.3.2}{Operational Feasibility}{subsection.4.3}% 56
\BOOKMARK [3][-]{subsubsection.4.3.3}{Economic Feasibility}{subsection.4.3}% 57
\BOOKMARK [3][-]{subsubsection.4.3.4}{Schedule Feasibility}{subsection.4.3}% 58
\BOOKMARK [2][-]{subsection.4.4}{System Design}{section.4}% 59
\BOOKMARK [3][-]{subsubsection.4.4.1}{Use Case Diagram}{subsection.4.4}% 60
\BOOKMARK [3][-]{subsubsection.4.4.2}{Sequence Diagram}{subsection.4.4}% 61
\BOOKMARK [3][-]{subsubsection.4.4.3}{Data Flow Diagram}{subsection.4.4}% 62
\BOOKMARK [2][-]{subsection.4.5}{Tools and Technologies}{section.4}% 63
\BOOKMARK [3][-]{subsubsection.4.5.1}{Python Programming Language}{subsection.4.5}% 64
\BOOKMARK [3][-]{subsubsection.4.5.2}{NumPy}{subsection.4.5}% 65
\BOOKMARK [3][-]{subsubsection.4.5.3}{PyAudio}{subsection.4.5}% 66
\BOOKMARK [3][-]{subsubsection.4.5.4}{Pomegranate}{subsection.4.5}% 67
\BOOKMARK [3][-]{subsubsection.4.5.5}{PyQT}{subsection.4.5}% 68
\BOOKMARK [3][-]{subsubsection.4.5.6}{TensorFlow}{subsection.4.5}% 69
\BOOKMARK [3][-]{subsubsection.4.5.7}{keras}{subsection.4.5}% 70
\BOOKMARK [2][-]{subsection.4.6}{Project Scheduling}{section.4}% 71
\BOOKMARK [1][-]{section.5}{RESULTS AND VALIDATION}{}% 72
\BOOKMARK [2][-]{subsection.5.1}{Result}{section.5}% 73
\BOOKMARK [3][-]{subsubsection.5.1.1}{Data Sample}{subsection.5.1}% 74
\BOOKMARK [3][-]{subsubsection.5.1.2}{Noise Reduction}{subsection.5.1}% 75
\BOOKMARK [3][-]{subsubsection.5.1.3}{Silence Removal Module}{subsection.5.1}% 76
\BOOKMARK [3][-]{subsubsection.5.1.4}{HMM Module}{subsection.5.1}% 77
\BOOKMARK [3][-]{subsubsection.5.1.5}{RNN Module}{subsection.5.1}% 78
\BOOKMARK [3][-]{subsubsection.5.1.6}{Output of the System}{subsection.5.1}% 79
\BOOKMARK [2][-]{subsection.5.2}{Validation}{section.5}% 80
\BOOKMARK [2][-]{subsection.5.3}{Analysis}{section.5}% 81
\BOOKMARK [1][-]{section.6}{CONCLUSION}{}% 82
\BOOKMARK [1][-]{section.7}{LIMITATIONS AND FURTHER WORKS}{}% 83
\BOOKMARK [2][-]{subsection.7.1}{Limitations}{section.7}% 84
\BOOKMARK [2][-]{subsection.7.2}{Future Enhancements}{section.7}% 85
\BOOKMARK [1][-]{section*.58}{REFERENCES}{}% 86
